<?xml version="1.0" encoding="UTF-8"?>
<testng-results ignored="0" total="1" passed="1" failed="0" skipped="0">
  <reporter-output>
  </reporter-output>
  <suite started-at="2023-06-15T13:50:16 IST" name="OpencartSuite" finished-at="2023-06-15T13:50:29 IST" duration-ms="12822">
    <groups>
    </groups>
    <test started-at="2023-06-15T13:50:16 IST" name="OrangeHRMTest" finished-at="2023-06-15T13:50:29 IST" duration-ms="12822">
      <class name="testCases.TC_001_LoginTest">
        <test-method is-config="true" signature="setup(java.lang.String)[pri:0, instance:testCases.TC_001_LoginTest@645aa696]" started-at="2023-06-15T13:50:16 IST" name="setup" finished-at="2023-06-15T13:50:26 IST" duration-ms="9316" status="PASS">
          <params>
            <param index="0">
              <value>
                <![CDATA[chrome]]>
              </value>
            </param>
          </params>
          <reporter-output>
          </reporter-output>
        </test-method> <!-- setup -->
        <test-method signature="test_login()[pri:0, instance:testCases.TC_001_LoginTest@645aa696]" started-at="2023-06-15T13:50:26 IST" name="test_login" finished-at="2023-06-15T13:50:28 IST" duration-ms="2744" status="PASS">
          <reporter-output>
          </reporter-output>
        </test-method> <!-- test_login -->
        <test-method is-config="true" signature="tearDown()[pri:0, instance:testCases.TC_001_LoginTest@645aa696]" started-at="2023-06-15T13:50:28 IST" name="tearDown" finished-at="2023-06-15T13:50:29 IST" duration-ms="266" status="PASS">
          <reporter-output>
          </reporter-output>
        </test-method> <!-- tearDown -->
      </class> <!-- testCases.TC_001_LoginTest -->
    </test> <!-- OrangeHRMTest -->
  </suite> <!-- OpencartSuite -->
</testng-results>
